Arguments: 
  /usr/local/bin/node /usr/local/bin/yarn add ethers hardhat @nomiclabs/hardhat-waffle ethereum-waffle chai @nomiclabs/hardhat-ethers web3modal @openzeppelin/contracts ipfs-httpclient@50.1.2 axios

PATH: 
  /usr/local/bin:/usr/bin:/bin:/usr/sbin:/sbin

Yarn version: 
  1.22.17

Node version: 
  16.13.1

Platform: 
  darwin x64

Trace: 
  Error: https://registry.yarnpkg.com/ipfs-httpclient: Not found
      at Request.params.callback [as _callback] (/usr/local/lib/node_modules/yarn/lib/cli.js:67029:18)
      at Request.self.callback (/usr/local/lib/node_modules/yarn/lib/cli.js:140883:22)
      at Request.emit (node:events:390:28)
      at Request.<anonymous> (/usr/local/lib/node_modules/yarn/lib/cli.js:141855:10)
      at Request.emit (node:events:390:28)
      at IncomingMessage.<anonymous> (/usr/local/lib/node_modules/yarn/lib/cli.js:141777:12)
      at Object.onceWrapper (node:events:509:28)
      at IncomingMessage.emit (node:events:402:35)
      at endReadableNT (node:internal/streams/readable:1343:12)
      at processTicksAndRejections (node:internal/process/task_queues:83:21)

npm manifest: 
  {
    "name": "nft-marketplace",
    "private": true,
    "scripts": {
      "dev": "next dev",
      "build": "next build",
      "start": "next start",
      "lint": "next lint"
    },
    "dependencies": {
      "next": "12.0.9",
      "react": "17.0.2",
      "react-dom": "17.0.2"
    },
    "devDependencies": {
      "eslint": "8.8.0",
      "eslint-config-next": "12.0.9"
    }
  }

yarn manifest: 
  No manifest

Lockfile: 
  No lockfile
